<?xml version="1.0" encoding="UTF-8"?>
<testng-results skipped="0" failed="0" total="1" passed="1">
  <reporter-output>
  </reporter-output>
  <suite name="Default suite" duration-ms="25624" started-at="2017-04-25T14:39:33Z" finished-at="2017-04-25T14:39:59Z">
    <groups>
    </groups>
    <test name="Default test" duration-ms="25624" started-at="2017-04-25T14:39:33Z" finished-at="2017-04-25T14:39:59Z">
      <class name="com.nothing.TeradataBatch.TeradataBatch">
        <test-method status="PASS" signature="beforeSuite()[pri:0, instance:com.nothing.TeradataBatch.TeradataBatch@2f7c7260]" name="beforeSuite" is-config="true" duration-ms="8" started-at="2017-04-25T20:09:33Z" finished-at="2017-04-25T20:09:33Z">
          <reporter-output>
          </reporter-output>
        </test-method> <!-- beforeSuite -->
        <test-method status="PASS" signature="beforeTest()[pri:0, instance:com.nothing.TeradataBatch.TeradataBatch@2f7c7260]" name="beforeTest" is-config="true" duration-ms="0" started-at="2017-04-25T20:09:33Z" finished-at="2017-04-25T20:09:33Z">
          <reporter-output>
          </reporter-output>
        </test-method> <!-- beforeTest -->
        <test-method status="PASS" signature="beforeClass()[pri:0, instance:com.nothing.TeradataBatch.TeradataBatch@2f7c7260]" name="beforeClass" is-config="true" duration-ms="25591" started-at="2017-04-25T20:09:33Z" finished-at="2017-04-25T20:09:59Z">
          <reporter-output>
          </reporter-output>
        </test-method> <!-- beforeClass -->
        <test-method status="PASS" signature="beforeMethod()[pri:0, instance:com.nothing.TeradataBatch.TeradataBatch@2f7c7260]" name="beforeMethod" is-config="true" duration-ms="1" started-at="2017-04-25T20:09:59Z" finished-at="2017-04-25T20:09:59Z">
          <reporter-output>
          </reporter-output>
        </test-method> <!-- beforeMethod -->
        <test-method status="PASS" signature="test1()[pri:0, instance:com.nothing.TeradataBatch.TeradataBatch@2f7c7260]" name="test1" duration-ms="14" started-at="2017-04-25T20:09:59Z" finished-at="2017-04-25T20:09:59Z">
          <reporter-output>
          </reporter-output>
        </test-method> <!-- test1 -->
        <test-method status="PASS" signature="afterMethod()[pri:0, instance:com.nothing.TeradataBatch.TeradataBatch@2f7c7260]" name="afterMethod" is-config="true" duration-ms="1" started-at="2017-04-25T20:09:59Z" finished-at="2017-04-25T20:09:59Z">
          <reporter-output>
          </reporter-output>
        </test-method> <!-- afterMethod -->
        <test-method status="PASS" signature="afterClass()[pri:0, instance:com.nothing.TeradataBatch.TeradataBatch@2f7c7260]" name="afterClass" is-config="true" duration-ms="1" started-at="2017-04-25T20:09:59Z" finished-at="2017-04-25T20:09:59Z">
          <reporter-output>
          </reporter-output>
        </test-method> <!-- afterClass -->
        <test-method status="PASS" signature="afterTest()[pri:0, instance:com.nothing.TeradataBatch.TeradataBatch@2f7c7260]" name="afterTest" is-config="true" duration-ms="0" started-at="2017-04-25T20:09:59Z" finished-at="2017-04-25T20:09:59Z">
          <reporter-output>
          </reporter-output>
        </test-method> <!-- afterTest -->
        <test-method status="PASS" signature="afterSuite()[pri:0, instance:com.nothing.TeradataBatch.TeradataBatch@2f7c7260]" name="afterSuite" is-config="true" duration-ms="0" started-at="2017-04-25T20:09:59Z" finished-at="2017-04-25T20:09:59Z">
          <reporter-output>
          </reporter-output>
        </test-method> <!-- afterSuite -->
      </class> <!-- com.nothing.TeradataBatch.TeradataBatch -->
    </test> <!-- Default test -->
  </suite> <!-- Default suite -->
</testng-results>
